<?xml version="1.0" encoding="UTF-8"?>
<!-- Generated by org.testng.reporters.JUnitReportReporter -->
<testsuite skipped="0" hostname="DESKTOP-SGTQ0DB" name="testpackage.LogInTest" tests="1" failures="0" timestamp="2019-11-14T13:21:21 IST" time="9.997" errors="0">
  <testcase name="mainTest" time="9.997" classname="testpackage.LogInTest"/>
</testsuite> <!-- testpackage.LogInTest -->
