<?xml version="1.0" encoding="UTF-8"?>
<!-- Generated by org.testng.reporters.JUnitReportReporter -->
<testsuite skipped="0" hostname="DESKTOP-SGTQ0DB" name="nextGneration.sample" tests="1" failures="0" timestamp="2019-10-28T16:09:42 IST" time="0.014" errors="0">
  <testcase name="f" time="0.014" classname="nextGneration.sample"/>
</testsuite> <!-- nextGneration.sample -->
