<?xml version="1.0" encoding="UTF-8"?>
<!-- Generated by org.testng.reporters.JUnitReportReporter -->
<testsuite skipped="0" hostname="DESKTOP-SGTQ0DB" name="nextGneration.NewTest" tests="5" failures="0" timestamp="2019-11-13T14:28:43 IST" time="45.378" errors="0">
  <testcase name="login" time="0.437" classname="nextGneration.NewTest"/>
  <testcase name="search" time="15.334" classname="nextGneration.NewTest"/>
  <testcase name="bookNow" time="5.701" classname="nextGneration.NewTest"/>
  <testcase name="traveller" time="8.714" classname="nextGneration.NewTest"/>
  <testcase name="issueTicket" time="15.192" classname="nextGneration.NewTest"/>
</testsuite> <!-- nextGneration.NewTest -->
