<?xml version="1.0" encoding="UTF-8"?>
<!-- Generated by org.testng.reporters.JUnitReportReporter -->
<testsuite skipped="0" hostname="DESKTOP-SGTQ0DB" name="nextGneration.LoginChromeTest" tests="1" failures="0" timestamp="2019-10-29T16:43:04 IST" time="31.725" errors="0">
  <testcase name="login" time="31.725" classname="nextGneration.LoginChromeTest"/>
</testsuite> <!-- nextGneration.LoginChromeTest -->
