<?xml version="1.0" encoding="UTF-8"?>
<!-- Generated by org.testng.reporters.JUnitReportReporter -->
<testsuite skipped="0" hostname="DESKTOP-SGTQ0DB" name="adminPanel.AdminpanelLogin" tests="3" failures="0" timestamp="2019-11-26T17:51:48 IST" time="19.280" errors="0">
  <testcase name="logIn" time="7.637" classname="adminPanel.AdminpanelLogin"/>
  <testcase name="logIn" time="6.321" classname="adminPanel.AdminpanelLogin"/>
  <testcase name="logIn" time="5.322" classname="adminPanel.AdminpanelLogin"/>
</testsuite> <!-- adminPanel.AdminpanelLogin -->
