<?xml version="1.0" encoding="UTF-8"?>
<!-- Generated by org.testng.reporters.JUnitReportReporter -->
<testsuite skipped="0" hostname="DESKTOP-SGTQ0DB" name="BrowserTest" tests="2" failures="0" timestamp="2019-12-05T10:24:47 IST" time="8.806" errors="0">
  <testcase name="login" time="0.346" classname="BrowserTest"/>
  <testcase name="search" time="8.460" classname="BrowserTest"/>
</testsuite> <!-- BrowserTest -->
